[ 2014-12-25T09:17:48+08:00 ] ::1 /dev/gezzzi/index.php
INFO: [ app_init ] --START--
INFO: Run Behavior\BuildLiteBehavior [ RunTime:0.000025s ]
INFO: [ app_init ] --END-- [ RunTime:0.008602s ]
INFO: [ app_begin ] --START--
INFO: Run Behavior\ReadHtmlCacheBehavior [ RunTime:0.010988s ]
INFO: [ app_begin ] --END-- [ RunTime:0.011142s ]
NOTIC: [2048] Non-static method gzlogs::debug() should not be called statically, assuming $this from incompatible context D:\wamp\www\dev\gezzzi\Application\Home\Controller\IndexController.class.php 第 12 行.
INFO: [ view_parse ] --START--
INFO: [ template_filter ] --START--
INFO: Run Behavior\ContentReplaceBehavior [ RunTime:0.000063s ]
INFO: [ template_filter ] --END-- [ RunTime:0.000169s ]
INFO: Run Behavior\ParseTemplateBehavior [ RunTime:0.082777s ]
INFO: [ view_parse ] --END-- [ RunTime:0.082974s ]
INFO: [ view_filter ] --START--
INFO: Run Behavior\WriteHtmlCacheBehavior [ RunTime:0.008409s ]
INFO: [ view_filter ] --END-- [ RunTime:0.008539s ]
INFO: [ app_end ] --START--
INFO: Run Behavior\ShowPageTraceBehavior [ RunTime:0.006202s ]
INFO: [ app_end ] --END-- [ RunTime:0.006315s ]

[ 2014-12-25T09:19:41+08:00 ] ::1 /dev/gezzzi/index.php
INFO: [ app_init ] --START--
INFO: Run Behavior\BuildLiteBehavior [ RunTime:0.000038s ]
INFO: [ app_init ] --END-- [ RunTime:0.000738s ]
INFO: [ app_begin ] --START--
INFO: Run Behavior\ReadHtmlCacheBehavior [ RunTime:0.000420s ]
INFO: [ app_begin ] --END-- [ RunTime:0.000525s ]
NOTIC: [2048] Non-static method gzlogs::debug() should not be called statically, assuming $this from incompatible context D:\wamp\www\dev\gezzzi\Application\Home\Controller\IndexController.class.php 第 12 行.

[ 2014-12-25T13:05:30+08:00 ] ::1 /dev/gezzzi/index.php
INFO: [ app_init ] --START--
INFO: Run Behavior\BuildLiteBehavior [ RunTime:0.000023s ]
INFO: [ app_init ] --END-- [ RunTime:0.000359s ]
INFO: [ app_begin ] --START--
INFO: Run Behavior\ReadHtmlCacheBehavior [ RunTime:0.000403s ]
INFO: [ app_begin ] --END-- [ RunTime:0.000501s ]
NOTIC: [8] Undefined index: file D:\wamp\www\dev\gezzzi\Application\Home\Lib\gzmongo.class.php 第 847 行.
NOTIC: [8] Undefined index: line D:\wamp\www\dev\gezzzi\Application\Home\Lib\gzmongo.class.php 第 847 行.

[ 2014-12-25T13:06:43+08:00 ] ::1 /dev/gezzzi/index.php
INFO: [ app_init ] --START--
INFO: Run Behavior\BuildLiteBehavior [ RunTime:0.000020s ]
INFO: [ app_init ] --END-- [ RunTime:0.000334s ]
INFO: [ app_begin ] --START--
INFO: Run Behavior\ReadHtmlCacheBehavior [ RunTime:0.000394s ]
INFO: [ app_begin ] --END-- [ RunTime:0.000524s ]
NOTIC: [8] Undefined index: file D:\wamp\www\dev\gezzzi\Application\Home\Lib\gzmongo.class.php 第 847 行.
NOTIC: [8] Undefined index: line D:\wamp\www\dev\gezzzi\Application\Home\Lib\gzmongo.class.php 第 847 行.
NOTIC: [2048] Non-static method gzlogs::debug() should not be called statically, assuming $this from incompatible context D:\wamp\www\dev\gezzzi\Application\Home\Lib\gzmongo.class.php 第 865 行.
NOTIC: [2048] Non-static method gzlogs::debug() should not be called statically, assuming $this from incompatible context D:\wamp\www\dev\gezzzi\Application\Home\Lib\gzmongo.class.php 第 852 行.

[ 2014-12-25T13:07:05+08:00 ] ::1 /dev/gezzzi/index.php
INFO: [ app_init ] --START--
INFO: Run Behavior\BuildLiteBehavior [ RunTime:0.000020s ]
INFO: [ app_init ] --END-- [ RunTime:0.000311s ]
INFO: [ app_begin ] --START--
INFO: Run Behavior\ReadHtmlCacheBehavior [ RunTime:0.000321s ]
INFO: [ app_begin ] --END-- [ RunTime:0.000415s ]
NOTIC: [8] Undefined index: file D:\wamp\www\dev\gezzzi\Application\Home\Lib\gzmongo.class.php 第 847 行.
NOTIC: [8] Undefined index: line D:\wamp\www\dev\gezzzi\Application\Home\Lib\gzmongo.class.php 第 847 行.
NOTIC: [2048] Non-static method gzlogs::debug() should not be called statically, assuming $this from incompatible context D:\wamp\www\dev\gezzzi\Application\Home\Lib\gzmongo.class.php 第 865 行.
NOTIC: [2048] Non-static method gzlogs::debug() should not be called statically, assuming $this from incompatible context D:\wamp\www\dev\gezzzi\Application\Home\Lib\gzmongo.class.php 第 852 行.

[ 2014-12-25T14:45:23+08:00 ] ::1 /dev/gezzzi/index.php
INFO: [ app_init ] --START--
INFO: Run Behavior\BuildLiteBehavior [ RunTime:0.000035s ]
INFO: [ app_init ] --END-- [ RunTime:0.000526s ]
INFO: [ app_begin ] --START--
INFO: Run Behavior\ReadHtmlCacheBehavior [ RunTime:0.000580s ]
INFO: [ app_begin ] --END-- [ RunTime:0.000741s ]
NOTIC: [8] Undefined index: file D:\wamp\www\dev\gezzzi\Application\Home\Lib\gzmongo.class.php 第 847 行.
NOTIC: [8] Undefined index: line D:\wamp\www\dev\gezzzi\Application\Home\Lib\gzmongo.class.php 第 847 行.
NOTIC: [2048] Non-static method gzlogs::debug() should not be called statically, assuming $this from incompatible context D:\wamp\www\dev\gezzzi\Application\Home\Lib\gzmongo.class.php 第 865 行.
NOTIC: [2048] Non-static method gzlogs::debug() should not be called statically, assuming $this from incompatible context D:\wamp\www\dev\gezzzi\Application\Home\Lib\gzmongo.class.php 第 852 行.

[ 2014-12-25T17:17:39+08:00 ] ::1 /dev/gezzzi/index.php
INFO: [ app_init ] --START--
INFO: Run Behavior\BuildLiteBehavior [ RunTime:0.000035s ]
INFO: [ app_init ] --END-- [ RunTime:0.000509s ]
INFO: [ app_begin ] --START--
INFO: Run Behavior\ReadHtmlCacheBehavior [ RunTime:0.000592s ]
INFO: [ app_begin ] --END-- [ RunTime:0.000755s ]
NOTIC: [2048] Non-static method functions::dump() should not be called statically, assuming $this from incompatible context D:\wamp\www\dev\gezzzi\Application\Home\Controller\IndexController.class.php 第 9 行.

[ 2014-12-25T17:18:39+08:00 ] ::1 /dev/gezzzi/index.php
INFO: [ app_init ] --START--
INFO: Run Behavior\BuildLiteBehavior [ RunTime:0.000021s ]
INFO: [ app_init ] --END-- [ RunTime:0.000316s ]
INFO: [ app_begin ] --START--
INFO: Run Behavior\ReadHtmlCacheBehavior [ RunTime:0.000348s ]
INFO: [ app_begin ] --END-- [ RunTime:0.000449s ]
NOTIC: [2048] Non-static method functions::dump() should not be called statically, assuming $this from incompatible context D:\wamp\www\dev\gezzzi\Application\Home\Controller\IndexController.class.php 第 9 行.

[ 2014-12-25T17:20:17+08:00 ] ::1 /dev/gezzzi/index.php
INFO: [ app_init ] --START--
INFO: Run Behavior\BuildLiteBehavior [ RunTime:0.000021s ]
INFO: [ app_init ] --END-- [ RunTime:0.000338s ]
INFO: [ app_begin ] --START--
INFO: Run Behavior\ReadHtmlCacheBehavior [ RunTime:0.000396s ]
INFO: [ app_begin ] --END-- [ RunTime:0.000493s ]
NOTIC: [2048] Non-static method functions::dump() should not be called statically, assuming $this from incompatible context D:\wamp\www\dev\gezzzi\Application\Home\Controller\IndexController.class.php 第 9 行.

[ 2014-12-25T17:21:32+08:00 ] ::1 /dev/gezzzi/index.php
INFO: [ app_init ] --START--
INFO: Run Behavior\BuildLiteBehavior [ RunTime:0.000022s ]
INFO: [ app_init ] --END-- [ RunTime:0.000323s ]
INFO: [ app_begin ] --START--
INFO: Run Behavior\ReadHtmlCacheBehavior [ RunTime:0.000343s ]
INFO: [ app_begin ] --END-- [ RunTime:0.000435s ]
NOTIC: [2048] Non-static method functions::dump() should not be called statically, assuming $this from incompatible context D:\wamp\www\dev\gezzzi\Application\Home\Controller\IndexController.class.php 第 9 行.

[ 2014-12-25T17:21:43+08:00 ] ::1 /dev/gezzzi/index.php
INFO: [ app_init ] --START--
INFO: Run Behavior\BuildLiteBehavior [ RunTime:0.000036s ]
INFO: [ app_init ] --END-- [ RunTime:0.000494s ]
INFO: [ app_begin ] --START--
INFO: Run Behavior\ReadHtmlCacheBehavior [ RunTime:0.000328s ]
INFO: [ app_begin ] --END-- [ RunTime:0.000423s ]
NOTIC: [2048] Non-static method functions::dump() should not be called statically, assuming $this from incompatible context D:\wamp\www\dev\gezzzi\Application\Home\Controller\IndexController.class.php 第 9 行.

[ 2014-12-25T17:22:55+08:00 ] ::1 /dev/gezzzi/index.php
INFO: [ app_init ] --START--
INFO: Run Behavior\BuildLiteBehavior [ RunTime:0.000035s ]
INFO: [ app_init ] --END-- [ RunTime:0.000512s ]
INFO: [ app_begin ] --START--
INFO: Run Behavior\ReadHtmlCacheBehavior [ RunTime:0.000592s ]
INFO: [ app_begin ] --END-- [ RunTime:0.000756s ]
NOTIC: [2048] Non-static method functions::dump() should not be called statically, assuming $this from incompatible context D:\wamp\www\dev\gezzzi\Application\Home\Controller\IndexController.class.php 第 9 行.

[ 2014-12-25T17:37:07+08:00 ] ::1 /dev/gezzzi/index.php
INFO: [ app_init ] --START--
INFO: Run Behavior\BuildLiteBehavior [ RunTime:0.000037s ]
INFO: [ app_init ] --END-- [ RunTime:0.000424s ]
INFO: [ app_begin ] --START--
INFO: Run Behavior\ReadHtmlCacheBehavior [ RunTime:0.000599s ]
INFO: [ app_begin ] --END-- [ RunTime:0.000731s ]

[ 2014-12-25T17:37:24+08:00 ] ::1 /dev/gezzzi/index.php
INFO: [ app_init ] --START--
INFO: Run Behavior\BuildLiteBehavior [ RunTime:0.000022s ]
INFO: [ app_init ] --END-- [ RunTime:0.000473s ]
INFO: [ app_begin ] --START--
INFO: Run Behavior\ReadHtmlCacheBehavior [ RunTime:0.000456s ]
INFO: [ app_begin ] --END-- [ RunTime:0.000571s ]
NOTIC: [2048] Non-static method functions::p() should not be called statically, assuming $this from incompatible context D:\wamp\www\dev\gezzzi\Application\Home\Controller\IndexController.class.php 第 9 行.

[ 2014-12-25T17:39:27+08:00 ] ::1 /dev/gezzzi/index.php
INFO: [ app_init ] --START--
INFO: Run Behavior\BuildLiteBehavior [ RunTime:0.000033s ]
INFO: [ app_init ] --END-- [ RunTime:0.000443s ]
INFO: [ app_begin ] --START--
INFO: Run Behavior\ReadHtmlCacheBehavior [ RunTime:0.000462s ]
INFO: [ app_begin ] --END-- [ RunTime:0.000572s ]

[ 2014-12-25T17:39:27+08:00 ] ::1 /dev/gezzzi/index.php
INFO: [ app_init ] --START--
INFO: Run Behavior\BuildLiteBehavior [ RunTime:0.000029s ]
INFO: [ app_init ] --END-- [ RunTime:0.000435s ]
INFO: [ app_begin ] --START--
INFO: Run Behavior\ReadHtmlCacheBehavior [ RunTime:0.000519s ]
INFO: [ app_begin ] --END-- [ RunTime:0.000670s ]

[ 2014-12-25T17:39:35+08:00 ] ::1 /dev/gezzzi/index.php
INFO: [ app_init ] --START--
INFO: Run Behavior\BuildLiteBehavior [ RunTime:0.000034s ]
INFO: [ app_init ] --END-- [ RunTime:0.000582s ]
INFO: [ app_begin ] --START--
INFO: Run Behavior\ReadHtmlCacheBehavior [ RunTime:0.000626s ]
INFO: [ app_begin ] --END-- [ RunTime:0.000798s ]

[ 2014-12-25T17:39:50+08:00 ] ::1 /dev/gezzzi/index.php
INFO: [ app_init ] --START--
INFO: Run Behavior\BuildLiteBehavior [ RunTime:0.000034s ]
INFO: [ app_init ] --END-- [ RunTime:0.000459s ]
INFO: [ app_begin ] --START--
INFO: Run Behavior\ReadHtmlCacheBehavior [ RunTime:0.000569s ]
INFO: [ app_begin ] --END-- [ RunTime:0.000734s ]

[ 2014-12-25T18:00:52+08:00 ] ::1 /dev/gezzzi/index.php
INFO: [ app_init ] --START--
INFO: Run Behavior\BuildLiteBehavior [ RunTime:0.000030s ]
INFO: [ app_init ] --END-- [ RunTime:0.000463s ]
INFO: [ app_begin ] --START--
INFO: Run Behavior\ReadHtmlCacheBehavior [ RunTime:0.000418s ]
INFO: [ app_begin ] --END-- [ RunTime:0.000545s ]

[ 2014-12-25T18:01:45+08:00 ] ::1 /dev/gezzzi/index.php
INFO: [ app_init ] --START--
INFO: Run Behavior\BuildLiteBehavior [ RunTime:0.000020s ]
INFO: [ app_init ] --END-- [ RunTime:0.000328s ]
INFO: [ app_begin ] --START--
INFO: Run Behavior\ReadHtmlCacheBehavior [ RunTime:0.000510s ]
INFO: [ app_begin ] --END-- [ RunTime:0.000606s ]

[ 2014-12-25T18:02:12+08:00 ] ::1 /dev/gezzzi/index.php
INFO: [ app_init ] --START--
INFO: Run Behavior\BuildLiteBehavior [ RunTime:0.000036s ]
INFO: [ app_init ] --END-- [ RunTime:0.000515s ]
INFO: [ app_begin ] --START--
INFO: Run Behavior\ReadHtmlCacheBehavior [ RunTime:0.000820s ]
INFO: [ app_begin ] --END-- [ RunTime:0.001013s ]

[ 2014-12-25T18:02:39+08:00 ] ::1 /dev/gezzzi/index.php
INFO: [ app_init ] --START--
INFO: Run Behavior\BuildLiteBehavior [ RunTime:0.000035s ]
INFO: [ app_init ] --END-- [ RunTime:0.000463s ]
INFO: [ app_begin ] --START--
INFO: Run Behavior\ReadHtmlCacheBehavior [ RunTime:0.000344s ]
INFO: [ app_begin ] --END-- [ RunTime:0.000445s ]

[ 2014-12-25T18:03:00+08:00 ] ::1 /dev/gezzzi/index.php
INFO: [ app_init ] --START--
INFO: Run Behavior\BuildLiteBehavior [ RunTime:0.000037s ]
INFO: [ app_init ] --END-- [ RunTime:0.000589s ]
INFO: [ app_begin ] --START--
INFO: Run Behavior\ReadHtmlCacheBehavior [ RunTime:0.000598s ]
INFO: [ app_begin ] --END-- [ RunTime:0.000769s ]

[ 2014-12-25T18:03:36+08:00 ] ::1 /dev/gezzzi/index.php
INFO: [ app_init ] --START--
INFO: Run Behavior\BuildLiteBehavior [ RunTime:0.000022s ]
INFO: [ app_init ] --END-- [ RunTime:0.000317s ]
INFO: [ app_begin ] --START--
INFO: Run Behavior\ReadHtmlCacheBehavior [ RunTime:0.000342s ]
INFO: [ app_begin ] --END-- [ RunTime:0.000436s ]

[ 2014-12-25T18:03:57+08:00 ] ::1 /dev/gezzzi/index.php
INFO: [ app_init ] --START--
INFO: Run Behavior\BuildLiteBehavior [ RunTime:0.000020s ]
INFO: [ app_init ] --END-- [ RunTime:0.000302s ]
INFO: [ app_begin ] --START--
INFO: Run Behavior\ReadHtmlCacheBehavior [ RunTime:0.000326s ]
INFO: [ app_begin ] --END-- [ RunTime:0.000419s ]

[ 2014-12-25T18:04:31+08:00 ] ::1 /dev/gezzzi/index.php
INFO: [ app_init ] --START--
INFO: Run Behavior\BuildLiteBehavior [ RunTime:0.000021s ]
INFO: [ app_init ] --END-- [ RunTime:0.000327s ]
INFO: [ app_begin ] --START--
INFO: Run Behavior\ReadHtmlCacheBehavior [ RunTime:0.000427s ]
INFO: [ app_begin ] --END-- [ RunTime:0.000551s ]

[ 2014-12-25T18:04:32+08:00 ] ::1 /dev/gezzzi/index.php
INFO: [ app_init ] --START--
INFO: Run Behavior\BuildLiteBehavior [ RunTime:0.000021s ]
INFO: [ app_init ] --END-- [ RunTime:0.000357s ]
INFO: [ app_begin ] --START--
INFO: Run Behavior\ReadHtmlCacheBehavior [ RunTime:0.000382s ]
INFO: [ app_begin ] --END-- [ RunTime:0.000487s ]

[ 2014-12-25T18:04:42+08:00 ] ::1 /dev/gezzzi/index.php
INFO: [ app_init ] --START--
INFO: Run Behavior\BuildLiteBehavior [ RunTime:0.000020s ]
INFO: [ app_init ] --END-- [ RunTime:0.000300s ]
INFO: [ app_begin ] --START--
INFO: Run Behavior\ReadHtmlCacheBehavior [ RunTime:0.000463s ]
INFO: [ app_begin ] --END-- [ RunTime:0.000592s ]

